app/build/intermediates/manifest_merge_blame_file/debug/manifest-merger-blame-debug-report.txt
1<?xml version="1.0" encoding="utf-8"?>
2<manifest xmlns:android="http://schemas.android.com/apk/res/android"
3    package="com.example.mia"
4    android:versionCode="1"
5    android:versionName="1.0" >
6
7    <uses-sdk
8        android:minSdkVersion="23"
8-->src/main/AndroidManifest.xml
9        android:targetSdkVersion="29" />
9-->src/main/AndroidManifest.xml
10
11    <uses-permission android:name="android.permission.INTERNET" />
11-->src/main/AndroidManifest.xml:5:5-67
11-->src/main/AndroidManifest.xml:5:22-64
12    <uses-permission android:name="android.permission.WRITE_EXTERNAL_STORAGE" />
12-->src/main/AndroidManifest.xml:6:5-81
12-->src/main/AndroidManifest.xml:6:22-78
13    <uses-permission android:name="android.permission.READ_EXTERNAL_STORAGE" />
13-->src/main/AndroidManifest.xml:7:5-80
13-->src/main/AndroidManifest.xml:7:22-77
14    <uses-permission android:name="android.permission.CAMERA" />
14-->src/main/AndroidManifest.xml:8:5-65
14-->src/main/AndroidManifest.xml:8:22-62
15
16    <!-- 전화와 메시지를 보내기 위한 퍼미션 -->
17    <uses-permission android:name="android.permission.CALL_PHONE" />
17-->src/main/AndroidManifest.xml:11:5-69
17-->src/main/AndroidManifest.xml:11:22-66
18    <uses-permission android:name="android.permission.DIAL_PHONE" />
18-->src/main/AndroidManifest.xml:12:5-69
18-->src/main/AndroidManifest.xml:12:22-66
19
20    <uses-feature
20-->src/main/AndroidManifest.xml:15:5-17:35
21        android:name="android.hardware.camera"
21-->src/main/AndroidManifest.xml:16:9-47
22        android:required="true" />
22-->src/main/AndroidManifest.xml:17:9-32
23
24    <application
24-->src/main/AndroidManifest.xml:19:5-41:19
25        android:allowBackup="true"
25-->src/main/AndroidManifest.xml:20:9-35
26        android:appComponentFactory="androidx.core.app.CoreComponentFactory"
26-->[androidx.core:core:1.0.1] AndroidManifest.xml:22:18-86
27        android:debuggable="true"
28        android:icon="@mipmap/mia_icon"
28-->src/main/AndroidManifest.xml:21:9-40
29        android:label="@string/app_name"
29-->src/main/AndroidManifest.xml:22:9-41
30        android:roundIcon="@mipmap/mia_icon_round"
30-->src/main/AndroidManifest.xml:23:9-51
31        android:supportsRtl="true"
31-->src/main/AndroidManifest.xml:24:9-35
32        android:theme="@style/AppTheme" >
32-->src/main/AndroidManifest.xml:25:9-40
33        <activity android:name="com.example.mia.intro" >
33-->src/main/AndroidManifest.xml:27:9-32:20
33-->src/main/AndroidManifest.xml:27:19-40
34            <intent-filter>
34-->src/main/AndroidManifest.xml:28:13-31:29
35                <action android:name="android.intent.action.MAIN" />
35-->src/main/AndroidManifest.xml:29:17-69
35-->src/main/AndroidManifest.xml:29:25-66
36
37                <category android:name="android.intent.category.LAUNCHER" />
37-->src/main/AndroidManifest.xml:30:17-77
37-->src/main/AndroidManifest.xml:30:27-74
38            </intent-filter>
39        </activity>
40        <activity android:name="com.example.mia.intro2" />
40-->src/main/AndroidManifest.xml:34:9-44
40-->src/main/AndroidManifest.xml:34:19-41
41        <activity android:name="com.example.mia.BeforeMainActivity" />
41-->src/main/AndroidManifest.xml:35:9-56
41-->src/main/AndroidManifest.xml:35:19-53
42        <activity android:name="com.example.mia.MainActivity" />
42-->src/main/AndroidManifest.xml:36:9-49
42-->src/main/AndroidManifest.xml:36:19-47
43        <activity android:name="com.example.mia.MactchingActivity" />
43-->src/main/AndroidManifest.xml:37:9-54
43-->src/main/AndroidManifest.xml:37:19-52
44        <activity android:name="com.example.mia.Result" />
44-->src/main/AndroidManifest.xml:38:9-43
44-->src/main/AndroidManifest.xml:38:19-41
45    </application>
46
47</manifest>